0 info it worked if it ends with ok
1 verbose cli [ 'C:\\Program Files\\nodejs\\node.exe',
1 verbose cli   'C:\\Program Files\\nodejs\\node_modules\\npm\\bin\\npm-cli.js',
1 verbose cli   'start' ]
2 info using npm@3.10.10
3 info using node@v6.11.2
4 verbose run-script [ 'prestart', 'start', 'poststart' ]
5 info lifecycle SecondOpinion@0.1.0~prestart: SecondOpinion@0.1.0
6 silly lifecycle SecondOpinion@0.1.0~prestart: no script for prestart, continuing
7 info lifecycle SecondOpinion@0.1.0~start: SecondOpinion@0.1.0
8 verbose lifecycle SecondOpinion@0.1.0~start: unsafe-perm in lifecycle true
9 verbose lifecycle SecondOpinion@0.1.0~start: PATH: C:\Program Files\nodejs\node_modules\npm\bin\node-gyp-bin;C:\Users\Gene\Documents\Programming\SecondOpinion\node_modules\.bin;C:\Users\Gene\Documents\bin;C:\ProgramData\Oracle\Java\javapath;C:\Program Files (x86)\Intel\iCLS Client\;C:\Program Files\Intel\iCLS Client\;C:\Windows\system32;C:\Windows;C:\Windows\System32\Wbem;C:\Windows\System32\WindowsPowerShell\v1.0\;C:\Program Files (x86)\NVIDIA Corporation\PhysX\Common;C:\Program Files\nodejs\;C:\Program Files (x86)\Yarn\bin;C:\Program Files\Git\cmd;C:\wamp64\bin\php\php7.1.9;C:\ProgramData\ComposerSetup\bin;C:\WINDOWS\system32;C:\WINDOWS;C:\WINDOWS\System32\Wbem;C:\WINDOWS\System32\WindowsPowerShell\v1.0\;C:\Program Files (x86)\Skype\Phone\;C:\Program Files (x86)\Intel\Intel(R) Management Engine Components\DAL;C:\Program Files\Intel\Intel(R) Management Engine Components\DAL;C:\Program Files (x86)\Intel\Intel(R) Management Engine Components\IPT;C:\Program Files\Intel\Intel(R) Management Engine Components\IPT;C:\Program Files (x86)\Intel\iCLS Client\;C:\Program Files\Intel\iCLS Client\;C:\Windows\system32;C:\Windows;C:\Windows\System32\Wbem;C:\Windows\System32\WindowsPowerShell\v1.0\;C:\Program Files (x86)\Intel\Intel(R) Management Engine Components\DAL;C:\Program Files\Intel\Intel(R) Management Engine Components\DAL;C:\Program Files (x86)\Intel\Intel(R) Management Engine Components\IPT;C:\Program Files\Intel\Intel(R) Management Engine Components\IPT;C:\Program Files (x86)\NVIDIA Corporation\PhysX\Common;C:\Program Files\nodejs\;C:\Program Files (x86)\Yarn\bin;C:\Program Files\Git\cmd;C:\Users\Gene\AppData\Local\Microsoft\WindowsApps;C:\Users\Gene\AppData\Roaming\npm;C:\Users\Gene\AppData\Local\Yarn\bin;C:\Program Files\Microsoft VS Code\bin;C:\Python27\;C:\Users\Gene\Documents\Android\platform-tools-latest-windows\platform-tools;C:\Users\Gene\AppData\Roaming\Composer\vendor\bin;C:\Users\Gene\AppData\Local\Microsoft\WindowsApps;;C:\Program Files\Git\usr\bin;C:\Program Files\Git\usr\share\vim\vim74;C:\Users\Gene\Documents\
10 verbose lifecycle SecondOpinion@0.1.0~start: CWD: C:\Users\Gene\Documents\Programming\SecondOpinion
11 silly lifecycle SecondOpinion@0.1.0~start: Args: [ '/d /s /c', 'react-native-scripts start' ]
12 silly lifecycle SecondOpinion@0.1.0~start: Returned: code: 3221225786  signal: null
13 info lifecycle SecondOpinion@0.1.0~start: Failed to exec start script
14 verbose stack Error: SecondOpinion@0.1.0 start: `react-native-scripts start`
14 verbose stack Exit status 3221225786
14 verbose stack     at EventEmitter.<anonymous> (C:\Program Files\nodejs\node_modules\npm\lib\utils\lifecycle.js:255:16)
14 verbose stack     at emitTwo (events.js:106:13)
14 verbose stack     at EventEmitter.emit (events.js:191:7)
14 verbose stack     at ChildProcess.<anonymous> (C:\Program Files\nodejs\node_modules\npm\lib\utils\spawn.js:40:14)
14 verbose stack     at emitTwo (events.js:106:13)
14 verbose stack     at ChildProcess.emit (events.js:191:7)
14 verbose stack     at maybeClose (internal/child_process.js:891:16)
14 verbose stack     at Process.ChildProcess._handle.onexit (internal/child_process.js:226:5)
15 verbose pkgid SecondOpinion@0.1.0
16 verbose cwd C:\Users\Gene\Documents\Programming\SecondOpinion
17 error Windows_NT 10.0.16299
18 error argv "C:\\Program Files\\nodejs\\node.exe" "C:\\Program Files\\nodejs\\node_modules\\npm\\bin\\npm-cli.js" "start"
19 error node v6.11.2
20 error npm  v3.10.10
21 error code ELIFECYCLE
22 error SecondOpinion@0.1.0 start: `react-native-scripts start`
22 error Exit status 3221225786
23 error Failed at the SecondOpinion@0.1.0 start script 'react-native-scripts start'.
23 error Make sure you have the latest version of node.js and npm installed.
23 error If you do, this is most likely a problem with the SecondOpinion package,
23 error not with npm itself.
23 error Tell the author that this fails on your system:
23 error     react-native-scripts start
23 error You can get information on how to open an issue for this project with:
23 error     npm bugs SecondOpinion
23 error Or if that isn't available, you can get their info via:
23 error     npm owner ls SecondOpinion
23 error There is likely additional logging output above.
24 verbose exit [ 1, true ]
